<?xml version="1.0" encoding="UTF-8"?>
<!-- Generated by org.testng.reporters.JUnitReportReporter -->
<testsuite hostname="LAPTOP-DC8BND6A" failures="0" tests="2" name="com.Amazon.Testcases.SignInTest" time="11.385" errors="0" timestamp="2023-04-07T11:56:11 EDT" skipped="0">
  <testcase classname="com.Amazon.Testcases.SignInTest" name="verifyGreetingMessaage" time="5.804"/>
  <system-out/>
  <testcase classname="com.Amazon.Testcases.SignInTest" name="verifySignInModule" time="5.581"/>
  <system-out/>
</testsuite> <!-- com.Amazon.Testcases.SignInTest -->
