<?xml version="1.0" encoding="UTF-8"?>
<!-- Generated by org.testng.reporters.JUnitReportReporter -->
<testsuite hostname="LAPTOP-DC8BND6A" failures="0" tests="1" name="com.Amazon.Testcases.CartTest" time="9.021" errors="0" timestamp="2023-04-07T11:56:11 EDT" skipped="0">
  <testcase classname="com.Amazon.Testcases.CartTest" name="priceTest" time="9.021"/>
  <system-out/>
</testsuite> <!-- com.Amazon.Testcases.CartTest -->
