<?xml version="1.0" encoding="UTF-8"?>
<!-- Generated by org.testng.reporters.JUnitReportReporter -->
<testsuite hostname="LAPTOP-DC8BND6A" failures="0" tests="3" name="com.Amazon.Testcases.YourOrderTest" time="22.307" errors="0" timestamp="2023-04-07T11:56:11 EDT" skipped="0">
  <testcase classname="com.Amazon.Testcases.YourOrderTest" name="verifyBuyAgainOption" time="7.064"/>
  <system-out/>
  <testcase classname="com.Amazon.Testcases.YourOrderTest" name="verifyCancelledOrdersOption" time="7.863"/>
  <system-out/>
  <testcase classname="com.Amazon.Testcases.YourOrderTest" name="verifyNotYetShippedOption" time="7.380"/>
  <system-out/>
</testsuite> <!-- com.Amazon.Testcases.YourOrderTest -->
