<?xml version="1.0" encoding="UTF-8"?>
<!-- Generated by org.testng.reporters.JUnitReportReporter -->
<testsuite hostname="LAPTOP-DC8BND6A" failures="0" tests="1" name="com.Amazon.Testcases.YourAddressPageTest" time="6.385" errors="0" timestamp="2023-04-07T11:56:11 EDT" skipped="0">
  <testcase classname="com.Amazon.Testcases.YourAddressPageTest" name="addAddressNavigationVerification" time="6.385"/>
  <system-out/>
</testsuite> <!-- com.Amazon.Testcases.YourAddressPageTest -->
