<?xml version="1.0" encoding="UTF-8"?>
<!-- Generated by org.testng.reporters.JUnitReportReporter -->
<testsuite hostname="LAPTOP-DC8BND6A" failures="0" tests="2" name="com.Amazon.Testcases.FrontPageTest" time="7.931" errors="0" timestamp="2023-04-07T11:56:11 EDT" skipped="0">
  <testcase classname="com.Amazon.Testcases.FrontPageTest" name="searchProduct" time="4.238"/>
  <system-out/>
  <testcase classname="com.Amazon.Testcases.FrontPageTest" name="verifySearchField" time="3.693"/>
  <system-out/>
</testsuite> <!-- com.Amazon.Testcases.FrontPageTest -->
